Desired=Unknown/Install/Remove/Purge/Hold
| Status=Not/Inst/Conf-files/Unpacked/halF-conf/Half-inst/trig-aWait/Trig-pend
|/ Err?=(none)/Reinst-required (Status,Err: uppercase=bad)
||/ Name                                   Version                        Architecture Description
+++-======================================-==============================-============-================================================================================
ii  adduser                                3.134                          all          add and remove users and groups
ii  alsa-topology-conf                     1.2.5.1-2                      all          ALSA topology configuration files
ii  alsa-ucm-conf                          1.2.8-1                        all          ALSA Use Case Manager configuration files
ii  amd64-microcode                        3.20240820.1~deb12u1           amd64        Platform firmware and microcode for AMD CPUs and SoCs
ii  anacron                                2.3-36                         amd64        cron-like program that doesn't go by time
ii  apparmor                               3.0.8-3                        amd64        user-space parser utility for AppArmor
ii  apt                                    2.6.1                          amd64        commandline package manager
ii  apt-listchanges                        3.24                           all          package change history notification tool
ii  apt-utils                              2.6.1                          amd64        package management related utility programs
ii  aspell                                 0.60.8-4+b1                    amd64        GNU Aspell spell-checker
ii  aspell-ru                              0.99g5-29                      all          Russian dictionary for Aspell
ii  autoconf                               2.71-3                         all          automatic configure script builder
ii  automake                               1:1.16.5-1.3                   all          Tool for generating GNU Standards-compliant Makefiles
ii  autopoint                              0.21-12                        all          tool for setting up gettext infrastructure in a source package
ii  autotools-dev                          20220109.1                     all          Update infrastructure for config.{guess,sub} files
ii  avahi-autoipd                          0.8-10+deb12u1                 amd64        Avahi IPv4LL network address configuration daemon
ii  base-files                             12.4+deb12u10                  amd64        Debian base system miscellaneous files
ii  base-passwd                            3.6.1                          amd64        Debian base system master password and group files
ii  bash                                   5.2.15-2+b7                    amd64        GNU Bourne Again SHell
ii  bash-completion                        1:2.11-6                       all          programmable completion for the bash shell
ii  bastet                                 0.43-7                         amd64        ncurses Tetris clone with a bastard algorithm
ii  bind9-dnsutils                         1:9.18.33-1~deb12u2            amd64        Clients provided with BIND 9
ii  bind9-host                             1:9.18.33-1~deb12u2            amd64        DNS Lookup Utility
ii  bind9-libs:amd64                       1:9.18.33-1~deb12u2            amd64        Shared Libraries used by BIND 9
ii  binutils                               2.40-2                         amd64        GNU assembler, linker and binary utilities
ii  binutils-common:amd64                  2.40-2                         amd64        Common files for the GNU assembler, linker and binary utilities
ii  binutils-x86-64-linux-gnu              2.40-2                         amd64        GNU binary utilities, for x86-64-linux-gnu target
ii  bluetooth                              5.66-1+deb12u2                 all          Bluetooth support (metapackage)
ii  bluez                                  5.66-1+deb12u2                 amd64        Bluetooth tools and daemons
ii  bsdextrautils                          2.38.1-5+deb12u3               amd64        extra utilities from 4.4BSD-Lite
ii  bsdutils                               1:2.38.1-5+deb12u3             amd64        basic utilities from 4.4BSD-Lite
ii  build-essential                        12.9                           amd64        Informational list of build-essential packages
ii  busybox                                1:1.35.0-4+b3                  amd64        Tiny utilities for small and embedded systems
ii  bzip2                                  1.0.8-5+b1                     amd64        high-quality block-sorting file compressor - utilities
ii  ca-certificates                        20230311                       all          Common CA certificates
ii  console-setup                          1.221                          all          console font and keymap setup program
ii  console-setup-linux                    1.221                          all          Linux specific part of console-setup
ii  coreutils                              9.1-1                          amd64        GNU core utilities
ii  cpio                                   2.13+dfsg-7.1                  amd64        GNU cpio -- a program to manage archives of files
ii  cpp                                    4:12.2.0-3                     amd64        GNU C preprocessor (cpp)
ii  cpp-12                                 12.2.0-14                      amd64        GNU C preprocessor
ii  cron                                   3.0pl1-162                     amd64        process scheduling daemon
ii  cron-daemon-common                     3.0pl1-162                     all          process scheduling daemon's configuration files
ii  dash                                   0.5.12-2                       amd64        POSIX-compliant shell
ii  dbus                                   1.14.10-1~deb12u1              amd64        simple interprocess messaging system (system message bus)
ii  dbus-bin                               1.14.10-1~deb12u1              amd64        simple interprocess messaging system (command line utilities)
ii  dbus-daemon                            1.14.10-1~deb12u1              amd64        simple interprocess messaging system (reference message bus)
ii  dbus-session-bus-common                1.14.10-1~deb12u1              all          simple interprocess messaging system (session bus configuration)
ii  dbus-system-bus-common                 1.14.10-1~deb12u1              all          simple interprocess messaging system (system bus configuration)
ii  dbus-user-session                      1.14.10-1~deb12u1              amd64        simple interprocess messaging system (systemd --user integration)
ii  debconf                                1.5.82                         all          Debian configuration management system
ii  debconf-i18n                           1.5.82                         all          full internationalization support for debconf
ii  debhelper                              13.11.4                        all          helper programs for debian/rules
ii  debian-archive-keyring                 2023.3+deb12u1                 all          GnuPG archive keys of the Debian archive
ii  debian-faq                             11.1                           all          Debian Frequently Asked Questions
ii  debianutils                            5.7-0.5~deb12u1                amd64        Miscellaneous utilities specific to Debian
ii  dh-autoreconf                          20                             all          debhelper add-on to call autoreconf and clean up after the build
ii  dh-strip-nondeterminism                1.13.1-1                       all          file non-deterministic information stripper — Debhelper add-on
ii  dictionaries-common                    1.29.5                         all          spelling dictionaries - common utilities
ii  diffutils                              1:3.8-4                        amd64        File comparison utilities
ii  dirmngr                                2.2.40-1.1                     amd64        GNU privacy guard - network certificate management service
ii  discover                               2.1.2-10                       amd64        hardware identification system
ii  discover-data                          2.2013.01.13                   all          Data lists for Discover hardware detection system
ii  distro-info-data                       0.58+deb12u3                   all          information about the distributions' releases (data files)
ii  dmidecode                              3.4-1                          amd64        SMBIOS/DMI table decoder
ii  dmsetup                                2:1.02.185-2                   amd64        Linux Kernel Device Mapper userspace library
ii  doc-debian                             11.3+nmu1                      all          Debian Project documentation and other documents
ii  dpkg                                   1.21.22                        amd64        Debian package management system
ii  dpkg-dev                               1.21.22                        all          Debian package development tools
ii  dwz                                    0.15-1                         amd64        DWARF compression tool
ii  e2fsprogs                              1.47.0-2                       amd64        ext2/ext3/ext4 file system utilities
ii  eject                                  2.38.1-5+deb12u3               amd64        ejects CDs and operates CD-Changers under Linux
ii  emacsen-common                         3.0.5                          all          Common facilities for all emacsen
ii  fakeroot                               1.31-1.2                       amd64        tool for simulating superuser privileges
ii  fdisk                                  2.38.1-5+deb12u3               amd64        collection of partitioning utilities
ii  file                                   1:5.44-3                       amd64        Recognize the type of data in a file using "magic" numbers
ii  findutils                              4.9.0-4                        amd64        utilities for finding files--find, xargs
ii  firmware-linux-free                    20200122-1                     all          Binary firmware for various drivers in the Linux kernel
ii  fontconfig-config                      2.14.1-4                       amd64        generic font configuration library - configuration
ii  fonts-dejavu-core                      2.37-6                         all          Vera font family derivate with additional characters
ii  g++                                    4:12.2.0-3                     amd64        GNU C++ compiler
ii  g++-12                                 12.2.0-14                      amd64        GNU C++ compiler
ii  gcc                                    4:12.2.0-3                     amd64        GNU C compiler
ii  gcc-12                                 12.2.0-14                      amd64        GNU C compiler
ii  gcc-12-base:amd64                      12.2.0-14                      amd64        GCC, the GNU Compiler Collection (base package)
ii  gettext                                0.21-12                        amd64        GNU Internationalization utilities
ii  gettext-base                           0.21-12                        amd64        GNU Internationalization utilities for the base system
ii  gnupg                                  2.2.40-1.1                     all          GNU privacy guard - a free PGP replacement
ii  gnupg-l10n                             2.2.40-1.1                     all          GNU privacy guard - localization files
ii  gnupg-utils                            2.2.40-1.1                     amd64        GNU privacy guard - utility programs
ii  gpg                                    2.2.40-1.1                     amd64        GNU Privacy Guard -- minimalist public key operations
ii  gpg-agent                              2.2.40-1.1                     amd64        GNU privacy guard - cryptographic agent
ii  gpg-wks-client                         2.2.40-1.1                     amd64        GNU privacy guard - Web Key Service client
ii  gpg-wks-server                         2.2.40-1.1                     amd64        GNU privacy guard - Web Key Service server
ii  gpgconf                                2.2.40-1.1                     amd64        GNU privacy guard - core configuration utilities
ii  gpgsm                                  2.2.40-1.1                     amd64        GNU privacy guard - S/MIME version
ii  gpgv                                   2.2.40-1.1                     amd64        GNU privacy guard - signature verification tool
ii  grep                                   3.8-5                          amd64        GNU grep, egrep and fgrep
ii  groff-base                             1.22.4-10                      amd64        GNU troff text-formatting system (base system components)
ii  grub-common                            2.06-13+deb12u1                amd64        GRand Unified Bootloader (common files)
ii  grub-pc                                2.06-13+deb12u1                amd64        GRand Unified Bootloader, version 2 (PC/BIOS version)
ii  grub-pc-bin                            2.06-13+deb12u1                amd64        GRand Unified Bootloader, version 2 (PC/BIOS modules)
ii  grub2-common                           2.06-13+deb12u1                amd64        GRand Unified Bootloader (common files for version 2)
ii  gzip                                   1.12-1                         amd64        GNU compression utilities
ii  hostname                               3.23+nmu1                      amd64        utility to set/show the host name or domain name
ii  ifupdown                               0.8.41                         amd64        high level tools to configure network interfaces
ii  inetutils-telnet                       2:2.4-2+deb12u1                amd64        telnet client
ii  init                                   1.65.2                         amd64        metapackage ensuring an init system is installed
ii  init-system-helpers                    1.65.2                         all          helper tools for all init systems
ii  initramfs-tools                        0.142+deb12u1                  all          generic modular initramfs generator (automation)
ii  initramfs-tools-core                   0.142+deb12u1                  all          generic modular initramfs generator (core tools)
ii  installation-report                    2.89                           all          system installation report
ii  intltool-debian                        0.35.0+20060710.6              all          Help i18n of RFC822 compliant config files
ii  iproute2                               6.1.0-3                        amd64        networking and traffic control tools
ii  iputils-ping                           3:20221126-1+deb12u1           amd64        Tools to test the reachability of network hosts
ii  irussian                               0.99g5-29                      all          Russian dictionary for Ispell
ii  isc-dhcp-client                        4.4.3-P1-2                     amd64        DHCP client for automatically obtaining an IP address
ii  isc-dhcp-common                        4.4.3-P1-2                     amd64        common manpages relevant to all of the isc-dhcp packages
ii  iso-codes                              4.15.0-1                       all          ISO language, territory, currency, script codes and their translations
ii  ispell                                 3.4.05-1                       amd64        International Ispell (an interactive spelling corrector)
ii  iw                                     5.19-1                         amd64        tool for configuring Linux wireless devices
ii  kbd                                    2.5.1-1+b1                     amd64        Linux console font and keytable utilities
ii  keyboard-configuration                 1.221                          all          system-wide keyboard preferences
ii  klibc-utils                            2.0.12-1                       amd64        small utilities built with klibc for early boot
ii  kmod                                   30+20221128-1                  amd64        tools for managing Linux kernel modules
ii  konwert                                1.8-13.2                       amd64        Charset conversion for files or terminal I/O
ii  konwert-filters                        1.8-13.2                       all          Filters used by konwert for charset conversion
ii  krb5-locales                           1.20.1-2+deb12u2               all          internationalization support for MIT Kerberos
ii  laptop-detect                          0.16                           all          system chassis type checker
ii  less                                   590-2.1~deb12u2                amd64        pager program similar to more
ii  libabsl20220623:amd64                  20220623.1-1                   amd64        extensions to the C++ standard library
ii  libacl1:amd64                          2.3.1-3                        amd64        access control list - shared library
ii  libalgorithm-diff-perl                 1.201-1                        all          module to find differences between files
ii  libalgorithm-diff-xs-perl:amd64        0.04-8+b1                      amd64        module to find differences between files (XS accelerated)
ii  libalgorithm-merge-perl                0.08-5                         all          Perl module for three-way merge of textual data
ii  libaom3:amd64                          3.6.0-1+deb12u1                amd64        AV1 Video Codec Library
ii  libapparmor1:amd64                     3.0.8-3                        amd64        changehat AppArmor library
ii  libapt-pkg6.0:amd64                    2.6.1                          amd64        package management runtime library
ii  libarchive-cpio-perl                   0.10-3                         all          module for manipulations of cpio archives
ii  libarchive-zip-perl                    1.68-1                         all          Perl module for manipulation of ZIP archives
ii  libargon2-1:amd64                      0~20171227-0.3+deb12u1         amd64        memory-hard hashing function - runtime library
ii  libasan8:amd64                         12.2.0-14                      amd64        AddressSanitizer -- a fast memory error detector
ii  libasound2:amd64                       1.2.8-1+b1                     amd64        shared library for ALSA applications
ii  libasound2-data                        1.2.8-1                        all          Configuration files and profiles for ALSA drivers
ii  libaspell15:amd64                      0.60.8-4+b1                    amd64        GNU Aspell spell-checker runtime library
ii  libassuan0:amd64                       2.5.5-5                        amd64        IPC library for the GnuPG components
ii  libatomic1:amd64                       12.2.0-14                      amd64        support library providing __atomic built-in functions
ii  libattr1:amd64                         1:2.5.1-4                      amd64        extended attribute handling - shared library
ii  libaudit-common                        1:3.0.9-1                      all          Dynamic library for security auditing - common files
ii  libaudit1:amd64                        1:3.0.9-1                      amd64        Dynamic library for security auditing
ii  libavif15:amd64                        0.11.1-1                       amd64        Library for handling .avif files
ii  libbinutils:amd64                      2.40-2                         amd64        GNU binary utilities (private shared library)
ii  libblkid1:amd64                        2.38.1-5+deb12u3               amd64        block device ID library
ii  libboost-dev:amd64                     1.74.0.3                       amd64        Boost C++ Libraries development files (default version)
ii  libboost-program-options-dev:amd64     1.74.0.3                       amd64        program options library for C++ (default version)
ii  libboost-program-options1.74-dev:amd64 1.74.0+ds1-21                  amd64        program options library for C++
ii  libboost-program-options1.74.0:amd64   1.74.0+ds1-21                  amd64        program options library for C++
ii  libboost1.74-dev:amd64                 1.74.0+ds1-21                  amd64        Boost C++ Libraries development files
ii  libbpf1:amd64                          1:1.1.0-1                      amd64        eBPF helper library (shared library)
ii  libbrotli1:amd64                       1.0.9-2+b6                     amd64        library implementing brotli encoder and decoder (shared libraries)
ii  libbsd0:amd64                          0.11.7-2                       amd64        utility functions from BSD systems - shared library
ii  libbz2-1.0:amd64                       1.0.8-5+b1                     amd64        high-quality block-sorting file compressor library - runtime
ii  libc-bin                               2.36-9+deb12u10                amd64        GNU C Library: Binaries
ii  libc-dev-bin                           2.36-9+deb12u10                amd64        GNU C Library: Development binaries
ii  libc-devtools                          2.36-9+deb12u10                amd64        GNU C Library: Development tools
ii  libc-l10n                              2.36-9+deb12u10                all          GNU C Library: localization files
ii  libc6:amd64                            2.36-9+deb12u10                amd64        GNU C Library: Shared libraries
ii  libc6-dev:amd64                        2.36-9+deb12u10                amd64        GNU C Library: Development Libraries and Header Files
ii  libcap-ng0:amd64                       0.8.3-1+b3                     amd64        alternate POSIX capabilities library
ii  libcap2:amd64                          1:2.66-4                       amd64        POSIX 1003.1e capabilities (library)
ii  libcap2-bin                            1:2.66-4                       amd64        POSIX 1003.1e capabilities (utilities)
ii  libcbor0.8:amd64                       0.8.0-2+b1                     amd64        library for parsing and generating CBOR (RFC 7049)
ii  libcc1-0:amd64                         12.2.0-14                      amd64        GCC cc1 plugin for GDB
ii  libcom-err2:amd64                      1.47.0-2                       amd64        common error description library
ii  libcrypt-dev:amd64                     1:4.4.33-2                     amd64        libcrypt development files
ii  libcrypt1:amd64                        1:4.4.33-2                     amd64        libcrypt shared library
ii  libcryptsetup12:amd64                  2:2.6.1-4~deb12u2              amd64        disk encryption support - shared library
ii  libctf-nobfd0:amd64                    2.40-2                         amd64        Compact C Type Format library (runtime, no BFD dependency)
ii  libctf0:amd64                          2.40-2                         amd64        Compact C Type Format library (runtime, BFD dependency)
ii  libcurl3-gnutls:amd64                  7.88.1-10+deb12u12             amd64        easy-to-use client-side URL transfer library (GnuTLS flavour)
ii  libdaemon0:amd64                       0.14-7.1                       amd64        lightweight C library for daemons - runtime library
ii  libdav1d6:amd64                        1.0.0-2+deb12u1                amd64        fast and small AV1 video stream decoder (shared library)
ii  libdb5.3:amd64                         5.3.28+dfsg2-1                 amd64        Berkeley v5.3 Database Libraries [runtime]
ii  libdbus-1-3:amd64                      1.14.10-1~deb12u1              amd64        simple interprocess messaging system (library)
ii  libde265-0:amd64                       1.0.11-1+deb12u2               amd64        Open H.265 video codec implementation
ii  libdebconfclient0:amd64                0.270                          amd64        Debian Configuration Management System (C-implementation library)
ii  libdebhelper-perl                      13.11.4                        all          debhelper perl modules
ii  libdeflate0:amd64                      1.14-1                         amd64        fast, whole-buffer DEFLATE-based compression and decompression
ii  libdevmapper1.02.1:amd64               2:1.02.185-2                   amd64        Linux Kernel Device Mapper userspace library
ii  libdiscover2                           2.1.2-10                       amd64        hardware identification library
ii  libdpkg-perl                           1.21.22                        all          Dpkg perl modules
ii  libdw1:amd64                           0.188-2.1                      amd64        library that provides access to the DWARF debug information
ii  libedit2:amd64                         3.1-20221030-2                 amd64        BSD editline and history libraries
ii  libefiboot1:amd64                      37-6                           amd64        Library to manage UEFI variables
ii  libefivar1:amd64                       37-6                           amd64        Library to manage UEFI variables
ii  libelf1:amd64                          0.188-2.1                      amd64        library to read and write ELF files
ii  libexpat1:amd64                        2.5.0-1+deb12u1                amd64        XML parsing C library - runtime library
ii  libext2fs2:amd64                       1.47.0-2                       amd64        ext2/ext3/ext4 file system libraries
ii  libfakeroot:amd64                      1.31-1.2                       amd64        tool for simulating superuser privileges - shared libraries
ii  libfdisk1:amd64                        2.38.1-5+deb12u3               amd64        fdisk partitioning library
ii  libffi8:amd64                          3.4.4-1                        amd64        Foreign Function Interface library runtime
ii  libfido2-1:amd64                       1.12.0-2+b1                    amd64        library for generating and verifying FIDO 2.0 objects
ii  libfile-fcntllock-perl                 0.22-4+b1                      amd64        Perl module for file locking with fcntl(2)
ii  libfile-stripnondeterminism-perl       1.13.1-1                       all          file non-deterministic information stripper — Perl module
ii  libfontconfig1:amd64                   2.14.1-4                       amd64        generic font configuration library - runtime
ii  libfreetype6:amd64                     2.12.1+dfsg-5+deb12u4          amd64        FreeType 2 font engine, shared library files
ii  libfstrm0:amd64                        0.6.1-1                        amd64        Frame Streams (fstrm) library
ii  libfuse2:amd64                         2.9.9-6+b1                     amd64        Filesystem in Userspace (library)
ii  libgav1-1:amd64                        0.18.0-1+b1                    amd64        AV1 decoder developed by Google -- runtime library
ii  libgcc-12-dev:amd64                    12.2.0-14                      amd64        GCC support library (development files)
ii  libgcc-s1:amd64                        12.2.0-14                      amd64        GCC support library
ii  libgcrypt20:amd64                      1.10.1-3                       amd64        LGPL Crypto library - runtime library
ii  libgd3:amd64                           2.3.3-9                        amd64        GD Graphics Library
ii  libgdbm-compat4:amd64                  1.23-3                         amd64        GNU dbm database routines (legacy support runtime version) 
ii  libgdbm6:amd64                         1.23-3                         amd64        GNU dbm database routines (runtime version) 
ii  libglib2.0-0:amd64                     2.74.6-2+deb12u5               amd64        GLib library of C routines
ii  libglib2.0-data                        2.74.6-2+deb12u5               all          Common files for GLib library
ii  libgmp10:amd64                         2:6.2.1+dfsg1-1.1              amd64        Multiprecision arithmetic library
ii  libgnutls30:amd64                      3.7.9-2+deb12u4                amd64        GNU TLS library - main runtime library
ii  libgomp1:amd64                         12.2.0-14                      amd64        GCC OpenMP (GOMP) support library
ii  libgpg-error0:amd64                    1.46-1                         amd64        GnuPG development runtime library
ii  libgpm2:amd64                          1.20.7-10+b1                   amd64        General Purpose Mouse - shared library
ii  libgprofng0:amd64                      2.40-2                         amd64        GNU Next Generation profiler (runtime library)
ii  libgssapi-krb5-2:amd64                 1.20.1-2+deb12u2               amd64        MIT Kerberos runtime libraries - krb5 GSS-API Mechanism
ii  libheif1:amd64                         1.15.1-1+deb12u1               amd64        ISO/IEC 23008-12:2017 HEIF file format decoder - shared library
ii  libhogweed6:amd64                      3.8.1-2                        amd64        low level cryptographic library (public-key cryptos)
ii  libicu72:amd64                         72.1-3                         amd64        International Components for Unicode
ii  libidn2-0:amd64                        2.3.3-1+b1                     amd64        Internationalized domain names (IDNA2008/TR46) library
ii  libip4tc2:amd64                        1.8.9-2                        amd64        netfilter libip4tc library
ii  libisl23:amd64                         0.25-1.1                       amd64        manipulating sets and relations of integer points bounded by linear constraints
ii  libitm1:amd64                          12.2.0-14                      amd64        GNU Transactional Memory Library
ii  libiw30:amd64                          30~pre9-14                     amd64        Wireless tools - library
ii  libjansson4:amd64                      2.14-2                         amd64        C library for encoding, decoding and manipulating JSON data
ii  libjbig0:amd64                         2.1-6.1                        amd64        JBIGkit libraries
ii  libjemalloc2:amd64                     5.3.0-1                        amd64        general-purpose scalable concurrent malloc(3) implementation
ii  libjpeg62-turbo:amd64                  1:2.1.5-2                      amd64        libjpeg-turbo JPEG runtime library
ii  libjson-c5:amd64                       0.16-2                         amd64        JSON manipulation library - shared library
ii  libk5crypto3:amd64                     1.20.1-2+deb12u2               amd64        MIT Kerberos runtime libraries - Crypto Library
ii  libkeyutils1:amd64                     1.6.3-2                        amd64        Linux Key Management Utilities (library)
ii  libklibc:amd64                         2.0.12-1                       amd64        minimal libc subset for use with initramfs
ii  libkmod2:amd64                         30+20221128-1                  amd64        libkmod shared library
ii  libkrb5-3:amd64                        1.20.1-2+deb12u2               amd64        MIT Kerberos runtime libraries
ii  libkrb5support0:amd64                  1.20.1-2+deb12u2               amd64        MIT Kerberos runtime libraries - Support library
ii  libksba8:amd64                         1.6.3-2                        amd64        X.509 and CMS support library
ii  libldap-2.5-0:amd64                    2.5.13+dfsg-5                  amd64        OpenLDAP libraries
ii  libldap-common                         2.5.13+dfsg-5                  all          OpenLDAP common files for libraries
ii  liblerc4:amd64                         4.0.0+ds-2                     amd64        Limited Error Raster Compression library
ii  liblmdb0:amd64                         0.9.24-1                       amd64        Lightning Memory-Mapped Database shared library
ii  liblocale-gettext-perl                 1.07-5                         amd64        module using libc functions for internationalization in Perl
ii  liblockfile-bin                        1.17-1+b1                      amd64        support binaries for and cli utilities based on liblockfile
ii  liblsan0:amd64                         12.2.0-14                      amd64        LeakSanitizer -- a memory leak detector (runtime)
ii  libltdl-dev:amd64                      2.4.7-7~deb12u1                amd64        System independent dlopen wrapper for GNU libtool (headers)
ii  libltdl7:amd64                         2.4.7-7~deb12u1                amd64        System independent dlopen wrapper for GNU libtool
ii  liblz4-1:amd64                         1.9.4-1                        amd64        Fast LZ compression algorithm library - runtime
ii  liblzma5:amd64                         5.4.1-0.2                      amd64        XZ-format compression library
ii  libmagic-mgc                           1:5.44-3                       amd64        File type determination library using "magic" numbers (compiled magic file)
ii  libmagic1:amd64                        1:5.44-3                       amd64        Recognize the type of data in a file using "magic" numbers - library
ii  libmail-sendmail-perl                  0.80-3                         all          simple way to send email from a perl script
ii  libmaxminddb0:amd64                    1.7.1-1                        amd64        IP geolocation database library
ii  libmd0:amd64                           1.0.4-2                        amd64        message digest functions from BSD systems - shared library
ii  libmnl0:amd64                          1.0.4-3                        amd64        minimalistic Netlink communication library
ii  libmount1:amd64                        2.38.1-5+deb12u3               amd64        device mounting library
ii  libmpc3:amd64                          1.3.1-1                        amd64        multiple precision complex floating-point library
ii  libmpfr6:amd64                         4.2.0-1                        amd64        multiple precision floating-point computation
ii  libncurses-dev:amd64                   6.4-4                          amd64        developer's libraries for ncurses
ii  libncurses5-dev:amd64                  6.4-4                          amd64        transitional package for libncurses-dev
ii  libncurses6:amd64                      6.4-4                          amd64        shared libraries for terminal handling
ii  libncursesw6:amd64                     6.4-4                          amd64        shared libraries for terminal handling (wide character support)
ii  libnettle8:amd64                       3.8.1-2                        amd64        low level cryptographic library (symmetric and one-way cryptos)
ii  libnewt0.52:amd64                      0.52.23-1+b1                   amd64        Not Erik's Windowing Toolkit - text mode windowing with slang
ii  libnftables1:amd64                     1.0.6-2+deb12u2                amd64        Netfilter nftables high level userspace API library
ii  libnftnl11:amd64                       1.2.4-2                        amd64        Netfilter nftables userspace API library
ii  libnghttp2-14:amd64                    1.52.0-1+deb12u2               amd64        library implementing HTTP/2 protocol (shared library)
ii  libnl-3-200:amd64                      3.7.0-0.2+b1                   amd64        library for dealing with netlink sockets
ii  libnl-genl-3-200:amd64                 3.7.0-0.2+b1                   amd64        library for dealing with netlink sockets - generic netlink
ii  libnl-route-3-200:amd64                3.7.0-0.2+b1                   amd64        library for dealing with netlink sockets - route interface
ii  libnpth0:amd64                         1.6-3                          amd64        replacement for GNU Pth using system threads
ii  libnsl-dev:amd64                       1.3.0-2                        amd64        libnsl development files
ii  libnsl2:amd64                          1.3.0-2                        amd64        Public client interface for NIS(YP) and NIS+
ii  libnss-systemd:amd64                   252.36-1~deb12u1               amd64        nss module providing dynamic user and group name resolution
ii  libnuma1:amd64                         2.0.16-1                       amd64        Libraries for controlling NUMA policy
ii  libp11-kit0:amd64                      0.24.1-2                       amd64        library for loading and coordinating access to PKCS#11 modules - runtime
ii  libpam-modules:amd64                   1.5.2-6+deb12u1                amd64        Pluggable Authentication Modules for PAM
ii  libpam-modules-bin                     1.5.2-6+deb12u1                amd64        Pluggable Authentication Modules for PAM - helper binaries
ii  libpam-runtime                         1.5.2-6+deb12u1                all          Runtime support for the PAM library
ii  libpam-systemd:amd64                   252.36-1~deb12u1               amd64        system and service manager - PAM module
ii  libpam0g:amd64                         1.5.2-6+deb12u1                amd64        Pluggable Authentication Modules library
ii  libpci3:amd64                          1:3.9.0-4                      amd64        PCI utilities (shared library)
ii  libpcre2-8-0:amd64                     10.42-1                        amd64        New Perl Compatible Regular Expression Library- 8 bit runtime files
ii  libpcsclite1:amd64                     1.9.9-2                        amd64        Middleware to access a smart card using PC/SC (library)
ii  libperl5.36:amd64                      5.36.0-7+deb12u1               amd64        shared Perl library
ii  libpipeline1:amd64                     1.5.7-1                        amd64        Unix process pipeline manipulation library
ii  libpng16-16:amd64                      1.6.39-2                       amd64        PNG library - runtime (version 1.6)
ii  libpopt0:amd64                         1.19+dfsg-1                    amd64        lib for parsing cmdline parameters
ii  libproc2-0:amd64                       2:4.0.2-3                      amd64        library for accessing process information from /proc
ii  libprotobuf-c1:amd64                   1.4.1-1+b1                     amd64        Protocol Buffers C shared library (protobuf-c)
ii  libpsl5:amd64                          0.21.2-1                       amd64        Library for Public Suffix List (shared libraries)
ii  libpython3-stdlib:amd64                3.11.2-1+b1                    amd64        interactive high-level object-oriented language (default python3 version)
ii  libpython3.11-minimal:amd64            3.11.2-6+deb12u5               amd64        Minimal subset of the Python language (version 3.11)
ii  libpython3.11-stdlib:amd64             3.11.2-6+deb12u5               amd64        Interactive high-level object-oriented language (standard library, version 3.11)
ii  libquadmath0:amd64                     12.2.0-14                      amd64        GCC Quad-Precision Math Library
ii  librav1e0:amd64                        0.5.1-6                        amd64        Fastest and safest AV1 encoder - shared library
ii  libreadline8:amd64                     8.2-1.3                        amd64        GNU readline and history libraries, run-time libraries
ii  librtmp1:amd64                         2.4+20151223.gitfa8646d.1-2+b2 amd64        toolkit for RTMP streams (shared library)
ii  libsasl2-2:amd64                       2.1.28+dfsg-10                 amd64        Cyrus SASL - authentication abstraction library
ii  libsasl2-modules:amd64                 2.1.28+dfsg-10                 amd64        Cyrus SASL - pluggable authentication modules
ii  libsasl2-modules-db:amd64              2.1.28+dfsg-10                 amd64        Cyrus SASL - pluggable authentication modules (DB)
ii  libseccomp2:amd64                      2.5.4-1+deb12u1                amd64        high level interface to Linux seccomp filter
ii  libselinux1:amd64                      3.4-1+b6                       amd64        SELinux runtime shared libraries
ii  libsemanage-common                     3.4-1                          all          Common files for SELinux policy management libraries
ii  libsemanage2:amd64                     3.4-1+b5                       amd64        SELinux policy management library
ii  libsepol2:amd64                        3.4-2.1                        amd64        SELinux library for manipulating binary security policies
ii  libslang2:amd64                        2.3.3-3                        amd64        S-Lang programming library - runtime version
ii  libsmartcols1:amd64                    2.38.1-5+deb12u3               amd64        smart column output alignment library
ii  libsodium23:amd64                      1.0.18-1                       amd64        Network communication, cryptography and signaturing library
ii  libsqlite3-0:amd64                     3.40.1-2+deb12u1               amd64        SQLite 3 shared library
ii  libss2:amd64                           1.47.0-2                       amd64        command-line interface parsing library
ii  libssh2-1:amd64                        1.10.0-3+b1                    amd64        SSH2 client-side library
ii  libssl3:amd64                          3.0.15-1~deb12u1               amd64        Secure Sockets Layer toolkit - shared libraries
ii  libstdc++-12-dev:amd64                 12.2.0-14                      amd64        GNU Standard C++ Library v3 (development files)
ii  libstdc++6:amd64                       12.2.0-14                      amd64        GNU Standard C++ Library v3
ii  libsub-override-perl                   0.09-4                         all          Perl module used to temporarily override subroutines
ii  libsvtav1enc1:amd64                    1.4.1+dfsg-1                   amd64        Scalable Video Technology for AV1 (libsvtav1enc shared library)
ii  libsys-hostname-long-perl              1.5-3                          all          module tp determine the long (fully-qualified) hostname
ii  libsystemd-shared:amd64                252.36-1~deb12u1               amd64        systemd shared private library
ii  libsystemd0:amd64                      252.36-1~deb12u1               amd64        systemd utility library
ii  libtasn1-6:amd64                       4.19.0-2+deb12u1               amd64        Manage ASN.1 structures (runtime)
ii  libtext-charwidth-perl:amd64           0.04-11                        amd64        get display widths of characters on the terminal
ii  libtext-iconv-perl:amd64               1.7-8                          amd64        module to convert between character sets in Perl
ii  libtext-wrapi18n-perl                  0.06-10                        all          internationalized substitute of Text::Wrap
ii  libtiff6:amd64                         4.5.0-6+deb12u2                amd64        Tag Image File Format (TIFF) library
ii  libtinfo6:amd64                        6.4-4                          amd64        shared low-level terminfo library for terminal handling
ii  libtirpc-common                        1.3.3+ds-1                     all          transport-independent RPC library - common files
ii  libtirpc-dev:amd64                     1.3.3+ds-1                     amd64        transport-independent RPC library - development files
ii  libtirpc3:amd64                        1.3.3+ds-1                     amd64        transport-independent RPC library
ii  libtool                                2.4.7-7~deb12u1                all          Generic library support script
ii  libtsan2:amd64                         12.2.0-14                      amd64        ThreadSanitizer -- a Valgrind-based detector of data races (runtime)
ii  libubsan1:amd64                        12.2.0-14                      amd64        UBSan -- undefined behaviour sanitizer (runtime)
ii  libuchardet0:amd64                     0.0.7-1                        amd64        universal charset detection library - shared library
ii  libudev1:amd64                         252.36-1~deb12u1               amd64        libudev shared library
ii  libunistring2:amd64                    1.0-2                          amd64        Unicode string library for C
ii  libusb-1.0-0:amd64                     2:1.0.26-1                     amd64        userspace USB programming library
ii  libuuid1:amd64                         2.38.1-5+deb12u3               amd64        Universally Unique ID library
ii  libuv1:amd64                           1.44.2-1+deb12u1               amd64        asynchronous event notification library - runtime library
ii  libwebp7:amd64                         1.2.4-0.2+deb12u1              amd64        Lossy compression of digital photographic images
ii  libwrap0:amd64                         7.6.q-32                       amd64        Wietse Venema's TCP wrappers library
ii  libx11-6:amd64                         2:1.8.4-2+deb12u2              amd64        X11 client-side library
ii  libx11-data                            2:1.8.4-2+deb12u2              all          X11 client-side library
ii  libx265-199:amd64                      3.5-2+b1                       amd64        H.265/HEVC video stream encoder (shared library)
ii  libxau6:amd64                          1:1.0.9-1                      amd64        X11 authorisation library
ii  libxcb1:amd64                          1.15-1                         amd64        X C Binding
ii  libxdmcp6:amd64                        1:1.1.2-3                      amd64        X11 Display Manager Control Protocol library
ii  libxext6:amd64                         2:1.3.4-1+b1                   amd64        X11 miscellaneous extension library
ii  libxml2:amd64                          2.9.14+dfsg-1.3~deb12u1        amd64        GNOME XML library
ii  libxmuu1:amd64                         2:1.1.3-3                      amd64        X11 miscellaneous micro-utility library
ii  libxpm4:amd64                          1:3.5.12-1.1+deb12u1           amd64        X11 pixmap library
ii  libxtables12:amd64                     1.8.9-2                        amd64        netfilter xtables library
ii  libxxhash0:amd64                       0.8.1-1                        amd64        shared library for xxhash
ii  libyuv0:amd64                          0.0~git20230123.b2528b0-1      amd64        Library for YUV scaling (shared library)
ii  libzstd1:amd64                         1.5.4+dfsg2-5                  amd64        fast lossless compression algorithm
ii  linux-base                             4.9                            all          Linux image base package
ii  linux-image-6.1.0-25-amd64             6.1.106-3                      amd64        Linux 6.1 for 64-bit PCs (signed)
ii  linux-image-6.1.0-32-amd64             6.1.129-1                      amd64        Linux 6.1 for 64-bit PCs (signed)
ii  linux-image-amd64                      6.1.129-1                      amd64        Linux for 64-bit PCs (meta-package)
ii  linux-libc-dev:amd64                   6.1.129-1                      amd64        Linux support headers for userspace development
ii  locales                                2.36-9+deb12u10                all          GNU C Library: National Language (locale) data [support]
ii  login                                  1:4.13+dfsg1-1+b1              amd64        system login tools
ii  logrotate                              3.21.0-1                       amd64        Log rotation utility
ii  logsave                                1.47.0-2                       amd64        save the output of a command in a log file
ii  lsb-release                            12.0-1                         all          Linux Standard Base version reporting utility (minimal implementation)
ii  lsof                                   4.95.0-1                       amd64        utility to list open files
ii  m4                                     1.4.19-3                       amd64        macro processing language
ii  mailcap                                3.70+nmu1                      all          Debian's mailcap system, and support programs
ii  make                                   4.3-4.1                        amd64        utility for directing compilation
ii  man-db                                 2.11.2-2                       amd64        tools for reading manual pages
ii  manpages                               6.03-2                         all          Manual pages about using a GNU/Linux system
ii  manpages-dev                           6.03-2                         all          Manual pages about using GNU/Linux for development
ii  mawk                                   1.3.4.20200120-3.1             amd64        Pattern scanning and text processing language
ii  media-types                            10.0.0                         all          List of standard media types and their usual file extension
ii  mime-support                           3.66                           all          transitional package
ii  mount                                  2.38.1-5+deb12u3               amd64        tools for mounting and manipulating filesystems
ii  mueller7-dict                          2002.02.27-13                  all          Mueller English/Russian dictionary in dict format
ii  nano                                   7.2-1+deb12u1                  amd64        small, friendly text editor inspired by Pico
ii  ncurses-base                           6.4-4                          all          basic terminal type definitions
ii  ncurses-bin                            6.4-4                          amd64        terminal-related programs and man pages
ii  ncurses-term                           6.4-4                          all          additional terminal type definitions
ii  netbase                                6.4                            all          Basic TCP/IP networking system
ii  netcat-traditional                     1.10-47                        amd64        TCP/IP swiss army knife
ii  nftables                               1.0.6-2+deb12u2                amd64        Program to control packet filtering rules by Netfilter project
ii  openssh-client                         1:9.2p1-2+deb12u5              amd64        secure shell (SSH) client, for secure access to remote machines
ii  openssh-server                         1:9.2p1-2+deb12u5              amd64        secure shell (SSH) server, for secure access from remote machines
ii  openssh-sftp-server                    1:9.2p1-2+deb12u5              amd64        secure shell (SSH) sftp server module, for SFTP access from remote machines
ii  openssl                                3.0.15-1~deb12u1               amd64        Secure Sockets Layer toolkit - cryptographic utility
ii  os-prober                              1.81                           amd64        utility to detect other OSes on a set of drives
ii  passwd                                 1:4.13+dfsg1-1+b1              amd64        change and administer password and group data
ii  patch                                  2.7.6-7                        amd64        Apply a diff file to an original
ii  pci.ids                                0.0~2023.04.11-1               all          PCI ID Repository
ii  pciutils                               1:3.9.0-4                      amd64        PCI utilities
ii  perl                                   5.36.0-7+deb12u1               amd64        Larry Wall's Practical Extraction and Report Language
ii  perl-base                              5.36.0-7+deb12u1               amd64        minimal Perl system
ii  perl-modules-5.36                      5.36.0-7+deb12u1               all          Core Perl modules
ii  pinentry-curses                        1.2.1-1                        amd64        curses-based PIN or pass-phrase entry dialog for GnuPG
ii  po-debconf                             1.0.21+nmu1                    all          tool for managing templates file translations with gettext
ii  powertop                               2.14-1+b2                      amd64        diagnose issues with power consumption and management
ii  procps                                 2:4.0.2-3                      amd64        /proc file system utilities
ii  publicsuffix                           20230209.2326-1                all          accurate, machine-readable list of domain name suffixes
ii  python-apt-common                      2.6.0                          all          Python interface to libapt-pkg (locales)
ii  python3                                3.11.2-1+b1                    amd64        interactive high-level object-oriented language (default python3 version)
ii  python3-apt                            2.6.0                          amd64        Python 3 interface to libapt-pkg
ii  python3-certifi                        2022.9.24-1                    all          root certificates for validating SSL certs and verifying TLS hosts (python3)
ii  python3-chardet                        5.1.0+dfsg-2                   all          Universal Character Encoding Detector (Python3)
ii  python3-charset-normalizer             3.0.1-2                        all          charset, encoding and language detection (Python 3)
ii  python3-debconf                        1.5.82                         all          interact with debconf from Python 3
ii  python3-debian                         0.1.49                         all          Python 3 modules to work with Debian-related data formats
ii  python3-debianbts                      4.0.1                          all          Python interface to Debian's Bug Tracking System
ii  python3-httplib2                       0.20.4-3                       all          comprehensive HTTP client library written for Python3
ii  python3-idna                           3.3-1+deb12u1                  all          Python IDNA2008 (RFC 5891) handling (Python 3)
ii  python3-minimal                        3.11.2-1+b1                    amd64        minimal subset of the Python language (default python3 version)
ii  python3-pkg-resources                  66.1.1-1+deb12u1               all          Package Discovery and Resource Access using pkg_resources
ii  python3-pycurl                         7.45.2-3                       amd64        Python bindings to libcurl (Python 3)
ii  python3-pyparsing                      3.0.9-1                        all          alternative to creating and executing simple grammars - Python 3.x
ii  python3-pysimplesoap                   1.16.2-5                       all          simple and lightweight SOAP Library (Python 3)
ii  python3-reportbug                      12.0.0                         all          Python modules for interacting with bug tracking systems
ii  python3-requests                       2.28.1+dfsg-1                  all          elegant and simple HTTP library for Python3, built for human beings
ii  python3-six                            1.16.0-4                       all          Python 2 and 3 compatibility library
ii  python3-urllib3                        1.26.12-1+deb12u1              all          HTTP library with thread-safe connection pooling for Python3
ii  python3.11                             3.11.2-6+deb12u5               amd64        Interactive high-level object-oriented language (version 3.11)
ii  python3.11-minimal                     3.11.2-6+deb12u5               amd64        Minimal subset of the Python language (version 3.11)
ii  re                                     0.1-7+b1                       amd64        Russian Anywhere -- Russian text converter
ii  readline-common                        8.2-1.3                        all          GNU readline and history libraries, common files
ii  reportbug                              12.0.0                         all          reports bugs in the Debian distribution
ii  rpcsvc-proto                           1.4.3-1                        amd64        RPC protocol compiler and definitions
ii  runit-helper                           2.15.2                         all          dh-runit implementation detail
ii  sed                                    4.9-1                          amd64        GNU stream editor for filtering/transforming text
ii  sensible-utils                         0.0.17+nmu1                    all          Utilities for sensible alternative selection
ii  shared-mime-info                       2.2-1                          amd64        FreeDesktop.org shared MIME database and spec
ii  sudo                                   1.9.13p3-1+deb12u1             amd64        Provide limited super user privileges to specific users
ii  systemd                                252.36-1~deb12u1               amd64        system and service manager
ii  systemd-sysv                           252.36-1~deb12u1               amd64        system and service manager - SysV compatibility symlinks
ii  systemd-timesyncd                      252.36-1~deb12u1               amd64        minimalistic service to synchronize local time with NTP servers
ii  sysvinit-utils                         3.06-4                         amd64        System-V-like utilities
ii  tar                                    1.34+dfsg-1.2+deb12u1          amd64        GNU version of the tar archiving utility
ii  task-cyrillic                          3.73                           all          Cyrillic environment
ii  task-laptop                            3.73                           all          laptop
ii  task-russian                           3.73                           all          Russian environment
ii  task-ssh-server                        3.73                           all          SSH server
ii  tasksel                                3.73                           all          tool for selecting tasks for installation on Debian systems
ii  tasksel-data                           3.73                           all          official tasks used for installation of Debian systems
ii  traceroute                             1:2.1.2-1                      amd64        Traces the route taken by packets over an IPv4/IPv6 network
ii  tzdata                                 2025a-0+deb12u1                all          time zone and daylight-saving time data
ii  ucf                                    3.0043+nmu1+deb12u1            all          Update Configuration File(s): preserve user changes to config files
ii  udev                                   252.36-1~deb12u1               amd64        /dev/ and hotplug management daemon
ii  usbutils                               1:014-1+deb12u1                amd64        Linux USB utilities
ii  usr-is-merged                          37~deb12u1                     all          Transitional package to assert a merged-/usr system
ii  util-linux                             2.38.1-5+deb12u3               amd64        miscellaneous system utilities
ii  util-linux-extra                       2.38.1-5+deb12u3               amd64        interactive login tools
ii  vim                                    2:9.0.1378-2+deb12u2           amd64        Vi IMproved - enhanced vi editor
ii  vim-common                             2:9.0.1378-2+deb12u2           all          Vi IMproved - Common files
ii  vim-runtime                            2:9.0.1378-2+deb12u2           all          Vi IMproved - Runtime files
ii  vim-tiny                               2:9.0.1378-2+deb12u2           amd64        Vi IMproved - enhanced vi editor - compact version
ii  wamerican                              2020.12.07-2                   all          American English dictionary words for /usr/share/dict
ii  wget                                   1.21.3-1+deb12u1               amd64        retrieves files from the web
ii  whiptail                               0.52.23-1+b1                   amd64        Displays user-friendly dialog boxes from shell scripts
ii  wireless-regdb                         2022.06.06-1                   all          wireless regulatory database for Linux
ii  wireless-tools                         30~pre9-14                     amd64        Tools for manipulating Linux Wireless Extensions
ii  wpasupplicant                          2:2.10-12+deb12u2              amd64        client support for WPA and WPA2 (IEEE 802.11i)
ii  xauth                                  1:1.1.2-1                      amd64        X authentication utility
ii  xdg-user-dirs                          0.18-1                         amd64        tool to manage well known user directories
ii  xkb-data                               2.35.1-1                       all          X Keyboard Extension (XKB) configuration data
ii  xz-utils                               5.4.1-0.2                      amd64        XZ-format compression utilities
ii  zlib1g:amd64                           1:1.2.13.dfsg-1                amd64        compression library - runtime
ii  zstd                                   1.5.4+dfsg2-5                  amd64        fast lossless compression algorithm -- CLI tool
